gradient() will perform analytic gradient computation.

*** tstart() called on ds3
*** at Tue Aug 24 14:07:25 2021

   => Loading Basis Set <=

    Name: 6-31G*
    Role: ORBITAL
    Keyword: BASIS
    atoms 1                             entry N          line   128 file /theoryfs2/ds/pmnelson/miniconda3/envs/md/share/psi4/basis/6-31gs.gbs 
    atoms 2, 4-5, 7-8, 10-11, 13-15, 17 entry H          line    44 file /theoryfs2/ds/pmnelson/miniconda3/envs/md/share/psi4/basis/6-31gs.gbs 
    atoms 3, 6, 9, 12                   entry C          line   111 file /theoryfs2/ds/pmnelson/miniconda3/envs/md/share/psi4/basis/6-31gs.gbs 
    atoms 16                            entry O          line   145 file /theoryfs2/ds/pmnelson/miniconda3/envs/md/share/psi4/basis/6-31gs.gbs 


         ---------------------------------------------------------
                                   SCF
               by Justin Turney, Rob Parrish, Andy Simmonett
                          and Daniel G. A. Smith
                              RHF Reference
                        1 Threads,    953 MiB Core
         ---------------------------------------------------------

  ==> Geometry <==

    Molecular point group: c1
    Full point group: C1

    Geometry (in Bohr), charge = 0, multiplicity = 1:

       Center              X                  Y                   Z               Mass       
    ------------   -----------------  -----------------  -----------------  -----------------
         N           -0.220792875685     0.385721183828     1.062912049666    14.003074004430
         H            0.776982513150     0.459420511282     2.716422409441     1.007825032230
         C            1.289098345412     1.649947961309    -0.894844171141    12.000000000000
         H            1.963730559586     3.486761535388    -0.222101672844     1.007825032230
         H            0.049437972871     1.993878193636    -2.516229220237     1.007825032230
         C            3.435827294218    -0.186865838042    -1.633727105231    12.000000000000
         H            5.155477780035     0.249660908653    -0.569811280604     1.007825032230
         H            3.912038003901    -0.056474724573    -3.640616206314     1.007825032230
         C            2.400257193644    -2.819254343420    -0.892954455266    12.000000000000
         H            3.600233265288    -3.701756458427     0.541347708423     1.007825032230
         H            2.313329784664    -4.119385849252    -2.499221678801     1.007825032230
         C           -0.247249038738    -2.254226185052     0.204976452235    12.000000000000
         H           -0.791490139442    -3.516563204418     1.748882699888     1.007825032230
         H           -1.687220307816    -2.416742566963    -1.274679145899     1.007825032230
         H           -3.692179092948     1.843723366102     1.391494891629     1.007825032230
         O           -5.353584536531     2.541523210538     1.548754639793    15.994914619570
         H           -5.461674582782     3.070710656569     3.275080358803     1.007825032230

  Running in c1 symmetry.

  Rotational constants: A =      0.21986  B =      0.05436  C =      0.04677 [cm^-1]
  Rotational constants: A =   6591.23113  B =   1629.72242  C =   1402.19976 [MHz]
  Nuclear repulsion =  252.729241773197714

  Charge       = 0
  Multiplicity = 1
  Electrons    = 50
  Nalpha       = 25
  Nbeta        = 25

  ==> Algorithm <==

  SCF Algorithm Type is DF.
  DIIS enabled.
  MOM disabled.
  Fractional occupation disabled.
  Guess Type is SAD.
  Energy threshold   = 1.00e-08
  Density threshold  = 1.00e-09
  Integral threshold = 0.00e+00

  ==> Primary Basis <==

  Basis Set: 6-31G*
    Blend: 6-31G*
    Number of shells: 58
    Number of basis function: 112
    Number of Cartesian functions: 112
    Spherical Harmonics?: false
    Max angular momentum: 2

   => Loading Basis Set <=

    Name: (6-31G* AUX)
    Role: JKFIT
    Keyword: DF_BASIS_SCF
    atoms 1                             entry N          line   171 file /theoryfs2/ds/pmnelson/miniconda3/envs/md/share/psi4/basis/cc-pvdz-jkfit.gbs 
    atoms 2, 4-5, 7-8, 10-11, 13-15, 17 entry H          line    51 file /theoryfs2/ds/pmnelson/miniconda3/envs/md/share/psi4/basis/cc-pvdz-jkfit.gbs 
    atoms 3, 6, 9, 12                   entry C          line   121 file /theoryfs2/ds/pmnelson/miniconda3/envs/md/share/psi4/basis/cc-pvdz-jkfit.gbs 
    atoms 16                            entry O          line   221 file /theoryfs2/ds/pmnelson/miniconda3/envs/md/share/psi4/basis/cc-pvdz-jkfit.gbs 

  ==> Pre-Iterations <==

   -------------------------------------------------------
    Irrep   Nso     Nmo     Nalpha   Nbeta   Ndocc  Nsocc
   -------------------------------------------------------
     A        112     112       0       0       0       0
   -------------------------------------------------------
    Total     112     112      25      25      25       0
   -------------------------------------------------------

  ==> Integral Setup <==

  DFHelper Memory: AOs need 0.075 GiB; user supplied 0.698 GiB. Using in-core AOs.

  ==> MemDFJK: Density-Fitted J/K Matrices <==

    J tasked:                   Yes
    K tasked:                   Yes
    wK tasked:                   No
    OpenMP threads:               1
    Memory [MiB]:               715
    Algorithm:                 Core
    Schwarz Cutoff:           1E-12
    Mask sparsity (%):       5.2296
    Fitting Condition:        1E-10

   => Auxiliary Basis Set <=

  Basis Set: (6-31G* AUX)
    Blend: CC-PVDZ-JKFIT
    Number of shells: 243
    Number of basis function: 761
    Number of Cartesian functions: 761
    Spherical Harmonics?: false
    Max angular momentum: 3

  Minimum eigenvalue in the overlap matrix is 3.1471350025E-03.
  Using Symmetric Orthogonalization.

  SCF Guess: Superposition of Atomic Densities via on-the-fly atomic UHF.

  ==> Iterations <==

                           Total Energy        Delta E     RMS |[F,P]|

   @DF-RHF iter SAD:  -286.17005165792767   -2.86170e+02   0.00000e+00 
   @DF-RHF iter   1:  -286.99175856619183   -8.21707e-01   5.07313e-03 DIIS
   @DF-RHF iter   2:  -287.13006985863501   -1.38311e-01   2.60064e-03 DIIS
   @DF-RHF iter   3:  -287.16201194289965   -3.19421e-02   4.06872e-04 DIIS
   @DF-RHF iter   4:  -287.16378754699514   -1.77560e-03   7.13759e-05 DIIS
   @DF-RHF iter   5:  -287.16384406961896   -5.65226e-05   2.31929e-05 DIIS
   @DF-RHF iter   6:  -287.16384946178567   -5.39217e-06   7.12938e-06 DIIS
   @DF-RHF iter   7:  -287.16385008722727   -6.25442e-07   1.48181e-06 DIIS
   @DF-RHF iter   8:  -287.16385012499688   -3.77696e-08   4.32907e-07 DIIS
   @DF-RHF iter   9:  -287.16385012798054   -2.98365e-09   1.18888e-07 DIIS
   @DF-RHF iter  10:  -287.16385012820353   -2.22997e-10   3.64358e-08 DIIS
   @DF-RHF iter  11:  -287.16385012822286   -1.93268e-11   1.04952e-08 DIIS
   @DF-RHF iter  12:  -287.16385012822423   -1.36424e-12   3.30521e-09 DIIS
   @DF-RHF iter  13:  -287.16385012822434   -1.13687e-13   1.26063e-09 DIIS
   @DF-RHF iter  14:  -287.16385012822417    1.70530e-13   2.72352e-10 DIIS
  Energy and wave function converged.


  ==> Post-Iterations <==

    Orbital Energies [Eh]
    ---------------------

    Doubly Occupied:                                                      

       1A    -20.510668     2A    -15.565023     3A    -11.255101  
       4A    -11.255056     5A    -11.228930     6A    -11.228375  
       7A     -1.297668     8A     -1.236033     9A     -1.032666  
      10A     -0.981836    11A     -0.828766    12A     -0.795303  
      13A     -0.690167    14A     -0.674036    15A     -0.644032  
      16A     -0.603158    17A     -0.596712    18A     -0.532254  
      19A     -0.522793    20A     -0.506058    21A     -0.490548  
      22A     -0.487225    23A     -0.467904    24A     -0.453933  
      25A     -0.395324  

    Virtual:                                                              

      26A      0.198843    27A      0.234766    28A      0.260381  
      29A      0.281889    30A      0.282622    31A      0.291606  
      32A      0.316431    33A      0.328410    34A      0.331485  
      35A      0.351077    36A      0.364295    37A      0.396964  
      38A      0.399795    39A      0.449757    40A      0.472884  
      41A      0.510349    42A      0.717015    43A      0.752992  
      44A      0.753184    45A      0.784317    46A      0.788276  
      47A      0.823162    48A      0.903884    49A      0.908923  
      50A      0.928879    51A      0.937917    52A      1.011231  
      53A      1.016058    54A      1.082586    55A      1.096182  
      56A      1.112195    57A      1.117156    58A      1.137128  
      59A      1.143761    60A      1.159928    61A      1.170271  
      62A      1.192196    63A      1.200146    64A      1.205075  
      65A      1.211699    66A      1.215625    67A      1.229935  
      68A      1.232696    69A      1.339098    70A      1.444949  
      71A      1.479592    72A      1.505552    73A      1.577841  
      74A      1.582317    75A      1.657456    76A      1.890852  
      77A      1.897247    78A      2.004603    79A      2.062025  
      80A      2.074616    81A      2.078956    82A      2.107938  
      83A      2.110214    84A      2.126682    85A      2.184504  
      86A      2.215907    87A      2.290365    88A      2.311615  
      89A      2.336174    90A      2.413290    91A      2.419586  
      92A      2.421651    93A      2.497778    94A      2.559739  
      95A      2.579442    96A      2.704749    97A      2.717586  
      98A      2.736667    99A      2.811417   100A      2.889952  
     101A      2.945930   102A      2.977476   103A      2.981319  
     104A      3.016136   105A      3.033618   106A      3.224980  
     107A      4.153999   108A      4.452526   109A      4.603444  
     110A      4.668260   111A      4.873818   112A      5.033287  

    Final Occupation by Irrep:
              A 
    DOCC [    25 ]

  @DF-RHF Final Energy:  -287.16385012822417

   => Energetics <=

    Nuclear Repulsion Energy =            252.7292417731977139
    One-Electron Energy =                -891.2270472252236004
    Two-Electron Energy =                 351.3339553238017174
    Total Energy =                       -287.1638501282241691

Computation Completed


Properties will be evaluated at   0.000000,   0.000000,   0.000000 [a0]

Properties computed using the SCF density matrix

  Nuclear Dipole Moment: [e a0]
     X:     3.0320      Y:    -1.3369      Z:    -0.5183

  Electronic Dipole Moment: [e a0]
     X:    -1.5611      Y:     0.8786      Z:     0.9443

  Dipole Moment: [e a0]
     X:     1.4709      Y:    -0.4583      Z:     0.4260     Total:     1.5985

  Dipole Moment: [D]
     X:     3.7388      Y:    -1.1649      Z:     1.0827     Total:     4.0630


*** tstop() called on ds3 at Tue Aug 24 14:07:28 2021
Module time:
	user time   =       3.34 seconds =       0.06 minutes
	system time =       0.08 seconds =       0.00 minutes
	total time  =          3 seconds =       0.05 minutes
Total time:
	user time   =       3.34 seconds =       0.06 minutes
	system time =       0.08 seconds =       0.00 minutes
	total time  =          3 seconds =       0.05 minutes

*** tstart() called on ds3
*** at Tue Aug 24 14:07:28 2021


         ------------------------------------------------------------
                                   SCF GRAD                          
                          Rob Parrish, Justin Turney,                
                       Andy Simmonett, and Alex Sokolov              
         ------------------------------------------------------------

  ==> Geometry <==

    Molecular point group: c1
    Full point group: C1

    Geometry (in Bohr), charge = 0, multiplicity = 1:

       Center              X                  Y                   Z               Mass       
    ------------   -----------------  -----------------  -----------------  -----------------
         N           -0.220792875685     0.385721183828     1.062912049666    14.003074004430
         H            0.776982513150     0.459420511282     2.716422409441     1.007825032230
         C            1.289098345412     1.649947961309    -0.894844171141    12.000000000000
         H            1.963730559586     3.486761535388    -0.222101672844     1.007825032230
         H            0.049437972871     1.993878193636    -2.516229220237     1.007825032230
         C            3.435827294218    -0.186865838042    -1.633727105231    12.000000000000
         H            5.155477780035     0.249660908653    -0.569811280604     1.007825032230
         H            3.912038003901    -0.056474724573    -3.640616206314     1.007825032230
         C            2.400257193644    -2.819254343420    -0.892954455266    12.000000000000
         H            3.600233265288    -3.701756458427     0.541347708423     1.007825032230
         H            2.313329784664    -4.119385849252    -2.499221678801     1.007825032230
         C           -0.247249038738    -2.254226185052     0.204976452235    12.000000000000
         H           -0.791490139442    -3.516563204418     1.748882699888     1.007825032230
         H           -1.687220307816    -2.416742566963    -1.274679145899     1.007825032230
         H           -3.692179092948     1.843723366102     1.391494891629     1.007825032230
         O           -5.353584536531     2.541523210538     1.548754639793    15.994914619570
         H           -5.461674582782     3.070710656569     3.275080358803     1.007825032230

  Nuclear repulsion =  252.729241773197714

  ==> Basis Set <==

  Basis Set: 6-31G*
    Blend: 6-31G*
    Number of shells: 58
    Number of basis function: 112
    Number of Cartesian functions: 112
    Spherical Harmonics?: false
    Max angular momentum: 2

  ==> DFJKGrad: Density-Fitted SCF Gradients <==

    Gradient:                    1
    J tasked:                  Yes
    K tasked:                  Yes
    wK tasked:                  No
    OpenMP threads:              1
    Integrals threads:           1
    Memory [MiB]:              715
    Schwarz Cutoff:          0E+00
    Fitting Condition:       1E-10

   => Auxiliary Basis Set <=

  Basis Set: (6-31G* AUX)
    Blend: CC-PVDZ-JKFIT
    Number of shells: 243
    Number of basis function: 761
    Number of Cartesian functions: 761
    Spherical Harmonics?: false
    Max angular momentum: 3


  -Total Gradient:
     Atom            X                  Y                   Z
    ------   -----------------  -----------------  -----------------
       1       -0.017800909282     0.004945831865    -0.006321667548
       2        0.009188298560    -0.000037793511     0.012575398557
       3        0.002484529984    -0.009664196976     0.002203571710
       4        0.002809527666     0.007501601798     0.003019873024
       5       -0.004265461290     0.000524604542    -0.006173123236
       6       -0.004978365911    -0.002719437213     0.000805593855
       7        0.005310601445     0.001524602189     0.003845658123
       8        0.001901557112    -0.000104491226    -0.006818292754
       9       -0.001441600149     0.005530598599    -0.000836077191
      10        0.003475810509    -0.002448872555     0.004831084948
      11        0.000250167163    -0.004565073592    -0.006117474403
      12        0.008304984855     0.005182432215    -0.000971885940
      13       -0.001982689532    -0.004624945973     0.006050793934
      14       -0.004947008355    -0.000415132747    -0.006224492986
      15        0.000944881258    -0.000104450843     0.000958647794
      16        0.000305800373    -0.003507611902    -0.012021604276
      17        0.000439875599     0.002982335335     0.011193996391


*** tstop() called on ds3 at Tue Aug 24 14:07:32 2021
Module time:
	user time   =       3.15 seconds =       0.05 minutes
	system time =       0.07 seconds =       0.00 minutes
	total time  =          4 seconds =       0.07 minutes
Total time:
	user time   =       6.49 seconds =       0.11 minutes
	system time =       0.15 seconds =       0.00 minutes
	total time  =          7 seconds =       0.12 minutes
gradient() will perform analytic gradient computation.

*** tstart() called on ds3
*** at Tue Aug 24 14:07:32 2021

   => Loading Basis Set <=

    Name: 6-31G*
    Role: ORBITAL
    Keyword: BASIS
    atoms 1                             entry N          line   128 file /theoryfs2/ds/pmnelson/miniconda3/envs/md/share/psi4/basis/6-31gs.gbs 
    atoms 2, 4-5, 7-8, 10-11, 13-15, 17 entry H          line    44 file /theoryfs2/ds/pmnelson/miniconda3/envs/md/share/psi4/basis/6-31gs.gbs 
    atoms 3, 6, 9, 12                   entry C          line   111 file /theoryfs2/ds/pmnelson/miniconda3/envs/md/share/psi4/basis/6-31gs.gbs 
    atoms 16                            entry O          line   145 file /theoryfs2/ds/pmnelson/miniconda3/envs/md/share/psi4/basis/6-31gs.gbs 


         ---------------------------------------------------------
                                   SCF
               by Justin Turney, Rob Parrish, Andy Simmonett
                          and Daniel G. A. Smith
                              RHF Reference
                        1 Threads,    953 MiB Core
         ---------------------------------------------------------

  ==> Geometry <==

    Molecular point group: c1
    Full point group: C1

    Geometry (in Bohr), charge = 0, multiplicity = 1:

       Center              X                  Y                   Z               Mass       
    ------------   -----------------  -----------------  -----------------  -----------------
         N           -0.220792875685     0.385721183828     1.062912049666    14.003074004430
         H            0.776982513150     0.459420511282     2.716422409441     1.007825032230
         C            1.289098345412     1.649947961309    -0.894844171141    12.000000000000
         H            1.963730559586     3.486761535388    -0.222101672844     1.007825032230
         H            0.049437972871     1.993878193636    -2.516229220237     1.007825032230
         C            3.435827294218    -0.186865838042    -1.633727105231    12.000000000000
         H            5.155477780035     0.249660908653    -0.569811280604     1.007825032230
         H            3.912038003901    -0.056474724573    -3.640616206314     1.007825032230
         C            2.400257193644    -2.819254343420    -0.892954455266    12.000000000000
         H            3.600233265288    -3.701756458427     0.541347708423     1.007825032230
         H            2.313329784664    -4.119385849252    -2.499221678801     1.007825032230
         C           -0.247249038738    -2.254226185052     0.204976452235    12.000000000000
         H           -0.791490139442    -3.516563204418     1.748882699888     1.007825032230
         H           -1.687220307816    -2.416742566963    -1.274679145899     1.007825032230
         H           -3.912794305215     1.936383024462     1.412377146985     1.007825032230
         O           -5.574199748797     2.634182868898     1.569636895149    15.994914619570
         H           -5.682027703879     3.164036707067     3.295774589984     1.007825032230

  Running in c1 symmetry.

  Rotational constants: A =      0.21940  B =      0.05190  C =      0.04496 [cm^-1]
  Rotational constants: A =   6577.31629  B =   1555.85642  C =   1347.75323 [MHz]
  Nuclear repulsion =  251.055099379163011

  Charge       = 0
  Multiplicity = 1
  Electrons    = 50
  Nalpha       = 25
  Nbeta        = 25

  ==> Algorithm <==

  SCF Algorithm Type is DF.
  DIIS enabled.
  MOM disabled.
  Fractional occupation disabled.
  Guess Type is SAD.
  Energy threshold   = 1.00e-08
  Density threshold  = 1.00e-09
  Integral threshold = 0.00e+00

  ==> Primary Basis <==

  Basis Set: 6-31G*
    Blend: 6-31G*
    Number of shells: 58
    Number of basis function: 112
    Number of Cartesian functions: 112
    Spherical Harmonics?: false
    Max angular momentum: 2

   => Loading Basis Set <=

    Name: (6-31G* AUX)
    Role: JKFIT
    Keyword: DF_BASIS_SCF
    atoms 1                             entry N          line   171 file /theoryfs2/ds/pmnelson/miniconda3/envs/md/share/psi4/basis/cc-pvdz-jkfit.gbs 
    atoms 2, 4-5, 7-8, 10-11, 13-15, 17 entry H          line    51 file /theoryfs2/ds/pmnelson/miniconda3/envs/md/share/psi4/basis/cc-pvdz-jkfit.gbs 
    atoms 3, 6, 9, 12                   entry C          line   121 file /theoryfs2/ds/pmnelson/miniconda3/envs/md/share/psi4/basis/cc-pvdz-jkfit.gbs 
    atoms 16                            entry O          line   221 file /theoryfs2/ds/pmnelson/miniconda3/envs/md/share/psi4/basis/cc-pvdz-jkfit.gbs 

  ==> Pre-Iterations <==

   -------------------------------------------------------
    Irrep   Nso     Nmo     Nalpha   Nbeta   Ndocc  Nsocc
   -------------------------------------------------------
     A        112     112       0       0       0       0
   -------------------------------------------------------
    Total     112     112      25      25      25       0
   -------------------------------------------------------

  ==> Integral Setup <==

  DFHelper Memory: AOs need 0.074 GiB; user supplied 0.698 GiB. Using in-core AOs.

  ==> MemDFJK: Density-Fitted J/K Matrices <==

    J tasked:                   Yes
    K tasked:                   Yes
    wK tasked:                   No
    OpenMP threads:               1
    Memory [MiB]:               715
    Algorithm:                 Core
    Schwarz Cutoff:           1E-12
    Mask sparsity (%):       5.7079
    Fitting Condition:        1E-10

   => Auxiliary Basis Set <=

  Basis Set: (6-31G* AUX)
    Blend: CC-PVDZ-JKFIT
    Number of shells: 243
    Number of basis function: 761
    Number of Cartesian functions: 761
    Spherical Harmonics?: false
    Max angular momentum: 3

  Minimum eigenvalue in the overlap matrix is 3.1485500423E-03.
  Using Symmetric Orthogonalization.

  SCF Guess: Superposition of Atomic Densities via on-the-fly atomic UHF.

  ==> Iterations <==

                           Total Energy        Delta E     RMS |[F,P]|

   @DF-RHF iter SAD:  -286.15089503323441   -2.86151e+02   0.00000e+00 
   @DF-RHF iter   1:  -286.99141255775095   -8.40518e-01   5.07584e-03 DIIS
   @DF-RHF iter   2:  -287.12985595934958   -1.38443e-01   2.60752e-03 DIIS
   @DF-RHF iter   3:  -287.16208367024728   -3.22277e-02   4.07604e-04 DIIS
   @DF-RHF iter   4:  -287.16385516963891   -1.77150e-03   7.16057e-05 DIIS
   @DF-RHF iter   5:  -287.16391136587373   -5.61962e-05   2.31300e-05 DIIS
   @DF-RHF iter   6:  -287.16391664082641   -5.27495e-06   7.09970e-06 DIIS
   @DF-RHF iter   7:  -287.16391725596327   -6.15137e-07   1.48018e-06 DIIS
   @DF-RHF iter   8:  -287.16391729248602   -3.65227e-08   4.81023e-07 DIIS
   @DF-RHF iter   9:  -287.16391729579834   -3.31232e-09   1.36665e-07 DIIS
   @DF-RHF iter  10:  -287.16391729606937   -2.71029e-10   4.61547e-08 DIIS
   @DF-RHF iter  11:  -287.16391729609632   -2.69438e-11   1.15843e-08 DIIS
   @DF-RHF iter  12:  -287.16391729609813   -1.81899e-12   3.88611e-09 DIIS
   @DF-RHF iter  13:  -287.16391729609927   -1.13687e-12   1.14113e-09 DIIS
   @DF-RHF iter  14:  -287.16391729609927    0.00000e+00   2.80985e-10 DIIS
  Energy and wave function converged.


  ==> Post-Iterations <==

    Orbital Energies [Eh]
    ---------------------

    Doubly Occupied:                                                      

       1A    -20.516609     2A    -15.563439     3A    -11.254189  
       4A    -11.254143     5A    -11.228197     6A    -11.227643  
       7A     -1.302064     8A     -1.234418     9A     -1.031554  
      10A     -0.980934    11A     -0.827633    12A     -0.794439  
      13A     -0.688965    14A     -0.673884    15A     -0.645648  
      16A     -0.602486    17A     -0.595821    18A     -0.535401  
      19A     -0.521478    20A     -0.505449    21A     -0.489767  
      22A     -0.486535    23A     -0.467215    24A     -0.458722  
      25A     -0.394038  

    Virtual:                                                              

      26A      0.199233    27A      0.234404    28A      0.258739  
      29A      0.280920    30A      0.282390    31A      0.291846  
      32A      0.316951    33A      0.328382    34A      0.331925  
      35A      0.352109    36A      0.365389    37A      0.395884  
      38A      0.400289    39A      0.432781    40A      0.473741  
      41A      0.511490    42A      0.717454    43A      0.753473  
      44A      0.754108    45A      0.785540    46A      0.790384  
      47A      0.824604    48A      0.905207    49A      0.909866  
      50A      0.928144    51A      0.938882    52A      1.012619  
      53A      1.018144    54A      1.076724    55A      1.097255  
      56A      1.113477    57A      1.117514    58A      1.132410  
      59A      1.144576    60A      1.159740    61A      1.173274  
      62A      1.193975    63A      1.200967    64A      1.204496  
      65A      1.208804    66A      1.213453    67A      1.224357  
      68A      1.233127    69A      1.310495    70A      1.439242  
      71A      1.480686    72A      1.495601    73A      1.578997  
      74A      1.582133    75A      1.642580    76A      1.870123  
      77A      1.898245    78A      2.003176    79A      2.058625  
      80A      2.070871    81A      2.078150    82A      2.104596  
      83A      2.111151    84A      2.126499    85A      2.185135  
      86A      2.215397    87A      2.289975    88A      2.312957  
      89A      2.337251    90A      2.413407    91A      2.420758  
      92A      2.421965    93A      2.498883    94A      2.560269  
      95A      2.580458    96A      2.705290    97A      2.713794  
      98A      2.722156    99A      2.805960   100A      2.890583  
     101A      2.946738   102A      2.978433   103A      2.979532  
     104A      3.011250   105A      3.016813   106A      3.226332  
     107A      4.126199   108A      4.439260   109A      4.602994  
     110A      4.669116   111A      4.872064   112A      5.034040  

    Final Occupation by Irrep:
              A 
    DOCC [    25 ]

  @DF-RHF Final Energy:  -287.16391729609927

   => Energetics <=

    Nuclear Repulsion Energy =            251.0550993791630106
    One-Electron Energy =                -887.8766918905415650
    Two-Electron Energy =                 349.6576752152792551
    Total Energy =                       -287.1639172960992710

Computation Completed


Properties will be evaluated at   0.000000,   0.000000,   0.000000 [a0]

Properties computed using the SCF density matrix

  Nuclear Dipole Moment: [e a0]
     X:     0.8262      Y:    -0.4097      Z:    -0.3097

  Electronic Dipole Moment: [e a0]
     X:     0.6154      Y:    -0.0326      Z:     0.7505

  Dipole Moment: [e a0]
     X:     1.4415      Y:    -0.4423      Z:     0.4408     Total:     1.5710

  Dipole Moment: [D]
     X:     3.6640      Y:    -1.1242      Z:     1.1204     Total:     3.9930


*** tstop() called on ds3 at Tue Aug 24 14:07:35 2021
Module time:
	user time   =       3.33 seconds =       0.06 minutes
	system time =       0.06 seconds =       0.00 minutes
	total time  =          3 seconds =       0.05 minutes
Total time:
	user time   =      10.08 seconds =       0.17 minutes
	system time =       0.21 seconds =       0.00 minutes
	total time  =         10 seconds =       0.17 minutes

*** tstart() called on ds3
*** at Tue Aug 24 14:07:35 2021


         ------------------------------------------------------------
                                   SCF GRAD                          
                          Rob Parrish, Justin Turney,                
                       Andy Simmonett, and Alex Sokolov              
         ------------------------------------------------------------

  ==> Geometry <==

    Molecular point group: c1
    Full point group: C1

    Geometry (in Bohr), charge = 0, multiplicity = 1:

       Center              X                  Y                   Z               Mass       
    ------------   -----------------  -----------------  -----------------  -----------------
         N           -0.220792875685     0.385721183828     1.062912049666    14.003074004430
         H            0.776982513150     0.459420511282     2.716422409441     1.007825032230
         C            1.289098345412     1.649947961309    -0.894844171141    12.000000000000
         H            1.963730559586     3.486761535388    -0.222101672844     1.007825032230
         H            0.049437972871     1.993878193636    -2.516229220237     1.007825032230
         C            3.435827294218    -0.186865838042    -1.633727105231    12.000000000000
         H            5.155477780035     0.249660908653    -0.569811280604     1.007825032230
         H            3.912038003901    -0.056474724573    -3.640616206314     1.007825032230
         C            2.400257193644    -2.819254343420    -0.892954455266    12.000000000000
         H            3.600233265288    -3.701756458427     0.541347708423     1.007825032230
         H            2.313329784664    -4.119385849252    -2.499221678801     1.007825032230
         C           -0.247249038738    -2.254226185052     0.204976452235    12.000000000000
         H           -0.791490139442    -3.516563204418     1.748882699888     1.007825032230
         H           -1.687220307816    -2.416742566963    -1.274679145899     1.007825032230
         H           -3.912794305215     1.936383024462     1.412377146985     1.007825032230
         O           -5.574199748797     2.634182868898     1.569636895149    15.994914619570
         H           -5.682027703879     3.164036707067     3.295774589984     1.007825032230

  Nuclear repulsion =  251.055099379163011

  ==> Basis Set <==

  Basis Set: 6-31G*
    Blend: 6-31G*
    Number of shells: 58
    Number of basis function: 112
    Number of Cartesian functions: 112
    Spherical Harmonics?: false
    Max angular momentum: 2

  ==> DFJKGrad: Density-Fitted SCF Gradients <==

    Gradient:                    1
    J tasked:                  Yes
    K tasked:                  Yes
    wK tasked:                  No
    OpenMP threads:              1
    Integrals threads:           1
    Memory [MiB]:              715
    Schwarz Cutoff:          0E+00
    Fitting Condition:       1E-10

   => Auxiliary Basis Set <=

  Basis Set: (6-31G* AUX)
    Blend: CC-PVDZ-JKFIT
    Number of shells: 243
    Number of basis function: 761
    Number of Cartesian functions: 761
    Spherical Harmonics?: false
    Max angular momentum: 3


  -Total Gradient:
     Atom            X                  Y                   Z
    ------   -----------------  -----------------  -----------------
       1       -0.015200612779     0.003859972831    -0.006542692887
       2        0.009212797186    -0.000027929604     0.012643935982
       3        0.002748293981    -0.009367366356     0.001855674073
       4        0.002768434556     0.007467959531     0.003023875787
       5       -0.004331028801     0.000522358830    -0.006075220283
       6       -0.005031207932    -0.002724789971     0.000902082714
       7        0.005295690996     0.001524463984     0.003841084438
       8        0.001861976407    -0.000076983952    -0.006792621308
       9       -0.001460517730     0.005611345326    -0.000764076082
      10        0.003463887264    -0.002441394609     0.004824394479
      11        0.000207629322    -0.004545189601    -0.006089575527
      12        0.008251421900     0.004671530970    -0.001092755427
      13       -0.001991297269    -0.004576385866     0.006031788717
      14       -0.004977096762    -0.000327191632    -0.006151804541
      15        0.001428178880    -0.000283099203     0.000993541221
      16       -0.002497181817    -0.002324682725    -0.011713813850
      17        0.000250632608     0.003037382044     0.011106182493


*** tstop() called on ds3 at Tue Aug 24 14:07:39 2021
Module time:
	user time   =       3.12 seconds =       0.05 minutes
	system time =       0.06 seconds =       0.00 minutes
	total time  =          4 seconds =       0.07 minutes
Total time:
	user time   =      13.20 seconds =       0.22 minutes
	system time =       0.27 seconds =       0.00 minutes
	total time  =         14 seconds =       0.23 minutes
gradient() will perform analytic gradient computation.

*** tstart() called on ds3
*** at Tue Aug 24 14:07:39 2021

   => Loading Basis Set <=

    Name: 6-31G*
    Role: ORBITAL
    Keyword: BASIS
    atoms 1                             entry N          line   128 file /theoryfs2/ds/pmnelson/miniconda3/envs/md/share/psi4/basis/6-31gs.gbs 
    atoms 2, 4-5, 7-8, 10-11, 13-15, 17 entry H          line    44 file /theoryfs2/ds/pmnelson/miniconda3/envs/md/share/psi4/basis/6-31gs.gbs 
    atoms 3, 6, 9, 12                   entry C          line   111 file /theoryfs2/ds/pmnelson/miniconda3/envs/md/share/psi4/basis/6-31gs.gbs 
    atoms 16                            entry O          line   145 file /theoryfs2/ds/pmnelson/miniconda3/envs/md/share/psi4/basis/6-31gs.gbs 


         ---------------------------------------------------------
                                   SCF
               by Justin Turney, Rob Parrish, Andy Simmonett
                          and Daniel G. A. Smith
                              RHF Reference
                        1 Threads,    953 MiB Core
         ---------------------------------------------------------

  ==> Geometry <==

    Molecular point group: c1
    Full point group: C1

    Geometry (in Bohr), charge = 0, multiplicity = 1:

       Center              X                  Y                   Z               Mass       
    ------------   -----------------  -----------------  -----------------  -----------------
         N           -0.220792875685     0.385721183828     1.062912049666    14.003074004430
         H            0.776982513150     0.459420511282     2.716422409441     1.007825032230
         C            1.289098345412     1.649947961309    -0.894844171141    12.000000000000
         H            1.963730559586     3.486761535388    -0.222101672844     1.007825032230
         H            0.049437972871     1.993878193636    -2.516229220237     1.007825032230
         C            3.435827294218    -0.186865838042    -1.633727105231    12.000000000000
         H            5.155477780035     0.249660908653    -0.569811280604     1.007825032230
         H            3.912038003901    -0.056474724573    -3.640616206314     1.007825032230
         C            2.400257193644    -2.819254343420    -0.892954455266    12.000000000000
         H            3.600233265288    -3.701756458427     0.541347708423     1.007825032230
         H            2.313329784664    -4.119385849252    -2.499221678801     1.007825032230
         C           -0.247249038738    -2.254226185052     0.204976452235    12.000000000000
         H           -0.791490139442    -3.516563204418     1.748882699888     1.007825032230
         H           -1.687220307816    -2.416742566963    -1.274679145899     1.007825032230
         H           -3.790240030084     1.884909523847     1.400776815159     1.007825032230
         O           -5.451645473667     2.582709368283     1.558036563323    15.994914619570
         H           -5.559171436380     3.113331146599     3.283957185765     1.007825032230

  Running in c1 symmetry.

  Rotational constants: A =      0.21965  B =      0.05325  C =      0.04596 [cm^-1]
  Rotational constants: A =   6585.05788  B =   1596.40404  C =   1377.73434 [MHz]
  Nuclear repulsion =  251.971657351962619

  Charge       = 0
  Multiplicity = 1
  Electrons    = 50
  Nalpha       = 25
  Nbeta        = 25

  ==> Algorithm <==

  SCF Algorithm Type is DF.
  DIIS enabled.
  MOM disabled.
  Fractional occupation disabled.
  Guess Type is SAD.
  Energy threshold   = 1.00e-08
  Density threshold  = 1.00e-09
  Integral threshold = 0.00e+00

  ==> Primary Basis <==

  Basis Set: 6-31G*
    Blend: 6-31G*
    Number of shells: 58
    Number of basis function: 112
    Number of Cartesian functions: 112
    Spherical Harmonics?: false
    Max angular momentum: 2

   => Loading Basis Set <=

    Name: (6-31G* AUX)
    Role: JKFIT
    Keyword: DF_BASIS_SCF
    atoms 1                             entry N          line   171 file /theoryfs2/ds/pmnelson/miniconda3/envs/md/share/psi4/basis/cc-pvdz-jkfit.gbs 
    atoms 2, 4-5, 7-8, 10-11, 13-15, 17 entry H          line    51 file /theoryfs2/ds/pmnelson/miniconda3/envs/md/share/psi4/basis/cc-pvdz-jkfit.gbs 
    atoms 3, 6, 9, 12                   entry C          line   121 file /theoryfs2/ds/pmnelson/miniconda3/envs/md/share/psi4/basis/cc-pvdz-jkfit.gbs 
    atoms 16                            entry O          line   221 file /theoryfs2/ds/pmnelson/miniconda3/envs/md/share/psi4/basis/cc-pvdz-jkfit.gbs 

  ==> Pre-Iterations <==

   -------------------------------------------------------
    Irrep   Nso     Nmo     Nalpha   Nbeta   Ndocc  Nsocc
   -------------------------------------------------------
     A        112     112       0       0       0       0
   -------------------------------------------------------
    Total     112     112      25      25      25       0
   -------------------------------------------------------

  ==> Integral Setup <==

  DFHelper Memory: AOs need 0.074 GiB; user supplied 0.698 GiB. Using in-core AOs.

  ==> MemDFJK: Density-Fitted J/K Matrices <==

    J tasked:                   Yes
    K tasked:                   Yes
    wK tasked:                   No
    OpenMP threads:               1
    Memory [MiB]:               715
    Algorithm:                 Core
    Schwarz Cutoff:           1E-12
    Mask sparsity (%):       5.4688
    Fitting Condition:        1E-10

   => Auxiliary Basis Set <=

  Basis Set: (6-31G* AUX)
    Blend: CC-PVDZ-JKFIT
    Number of shells: 243
    Number of basis function: 761
    Number of Cartesian functions: 761
    Spherical Harmonics?: false
    Max angular momentum: 3

  Minimum eigenvalue in the overlap matrix is 3.1478456631E-03.
  Using Symmetric Orthogonalization.

  SCF Guess: Superposition of Atomic Densities via on-the-fly atomic UHF.

  ==> Iterations <==

                           Total Energy        Delta E     RMS |[F,P]|

   @DF-RHF iter SAD:  -286.16071254613104   -2.86161e+02   0.00000e+00 
   @DF-RHF iter   1:  -286.99173662754180   -8.31024e-01   5.07347e-03 DIIS
   @DF-RHF iter   2:  -287.13007189765437   -1.38335e-01   2.60291e-03 DIIS
   @DF-RHF iter   3:  -287.16212579490832   -3.20539e-02   4.07164e-04 DIIS
   @DF-RHF iter   4:  -287.16389925188071   -1.77346e-03   7.13741e-05 DIIS
   @DF-RHF iter   5:  -287.16395556461640   -5.63127e-05   2.30714e-05 DIIS
   @DF-RHF iter   6:  -287.16396088247683   -5.31786e-06   7.09873e-06 DIIS
   @DF-RHF iter   7:  -287.16396150085887   -6.18382e-07   1.47137e-06 DIIS
   @DF-RHF iter   8:  -287.16396153802839   -3.71695e-08   4.38909e-07 DIIS
   @DF-RHF iter   9:  -287.16396154104223   -3.01384e-09   1.19301e-07 DIIS
   @DF-RHF iter  10:  -287.16396154126920   -2.26976e-10   3.83262e-08 DIIS
   @DF-RHF iter  11:  -287.16396154128739   -1.81899e-11   1.02101e-08 DIIS
   @DF-RHF iter  12:  -287.16396154129086   -3.46745e-12   3.58410e-09 DIIS
   @DF-RHF iter  13:  -287.16396154129120   -3.41061e-13   1.16245e-09 DIIS
   @DF-RHF iter  14:  -287.16396154129086    3.41061e-13   2.75027e-10 DIIS
  Energy and wave function converged.


  ==> Post-Iterations <==

    Orbital Energies [Eh]
    ---------------------

    Doubly Occupied:                                                      

       1A    -20.513434     2A    -15.564312     3A    -11.254682  
       4A    -11.254635     5A    -11.228593     6A    -11.228038  
       7A     -1.299676     8A     -1.235290     9A     -1.032149  
      10A     -0.981421    11A     -0.828241    12A     -0.794905  
      13A     -0.689606    14A     -0.673785    15A     -0.644875  
      16A     -0.602879    17A     -0.596302    18A     -0.533655  
      19A     -0.522184    20A     -0.505799    21A     -0.490189  
      22A     -0.486911    23A     -0.467586    24A     -0.456152  
      25A     -0.394790  

    Virtual:                                                              

      26A      0.199030    27A      0.234620    28A      0.259703  
      29A      0.281794    30A      0.282120    31A      0.291703  
      32A      0.316669    33A      0.328417    34A      0.331687  
      35A      0.351553    36A      0.364799    37A      0.396681  
      38A      0.400022    39A      0.441732    40A      0.473274  
      41A      0.510877    42A      0.717193    43A      0.753193  
      44A      0.753610    45A      0.784887    46A      0.789284  
      47A      0.823840    48A      0.904510    49A      0.909360  
      50A      0.928627    51A      0.938364    52A      1.011875  
      53A      1.017078    54A      1.080187    55A      1.096678  
      56A      1.112785    57A      1.117388    58A      1.135158  
      59A      1.144134    60A      1.159877    61A      1.171569  
      62A      1.193060    63A      1.200526    64A      1.204983  
      65A      1.212415    66A      1.212456    67A      1.227005  
      68A      1.232882    69A      1.326720    70A      1.442413  
      71A      1.480090    72A      1.500089    73A      1.578373  
      74A      1.582271    75A      1.649898    76A      1.882487  
      77A      1.897712    78A      2.003871    79A      2.060595  
      80A      2.072916    81A      2.078441    82A      2.106464  
      83A      2.110641    84A      2.126526    85A      2.184764  
      86A      2.215604    87A      2.290281    88A      2.312347  
      89A      2.336669    90A      2.413319    91A      2.420130  
      92A      2.421785    93A      2.498289    94A      2.559986  
      95A      2.579911    96A      2.704988    97A      2.718656  
      98A      2.727667    99A      2.808377   100A      2.890235  
     101A      2.946317   102A      2.977919   103A      2.980615  
     104A      3.016429   105A      3.022243   106A      3.225600  
     107A      4.141506   108A      4.446688   109A      4.603241  
     110A      4.668653   111A      4.873055   112A      5.033634  

    Final Occupation by Irrep:
              A 
    DOCC [    25 ]

  @DF-RHF Final Energy:  -287.16396154129086

   => Energetics <=

    Nuclear Repulsion Energy =            251.9716573519626195
    One-Electron Energy =                -889.7110602042826031
    Two-Electron Energy =                 350.5754413110290670
    Total Energy =                       -287.1639615412908597

Computation Completed


Properties will be evaluated at   0.000000,   0.000000,   0.000000 [a0]

Properties computed using the SCF density matrix

  Nuclear Dipole Moment: [e a0]
     X:     2.0520      Y:    -0.9236      Z:    -0.4259

  Electronic Dipole Moment: [e a0]
     X:    -0.5945      Y:     0.4731      Z:     0.8586

  Dipole Moment: [e a0]
     X:     1.4575      Y:    -0.4505      Z:     0.4327     Total:     1.5857

  Dipole Moment: [D]
     X:     3.7046      Y:    -1.1451      Z:     1.0998     Total:     4.0305


*** tstop() called on ds3 at Tue Aug 24 14:07:42 2021
Module time:
	user time   =       3.30 seconds =       0.06 minutes
	system time =       0.06 seconds =       0.00 minutes
	total time  =          3 seconds =       0.05 minutes
Total time:
	user time   =      16.83 seconds =       0.28 minutes
	system time =       0.33 seconds =       0.01 minutes
	total time  =         17 seconds =       0.28 minutes

*** tstart() called on ds3
*** at Tue Aug 24 14:07:42 2021


         ------------------------------------------------------------
                                   SCF GRAD                          
                          Rob Parrish, Justin Turney,                
                       Andy Simmonett, and Alex Sokolov              
         ------------------------------------------------------------

  ==> Geometry <==

    Molecular point group: c1
    Full point group: C1

    Geometry (in Bohr), charge = 0, multiplicity = 1:

       Center              X                  Y                   Z               Mass       
    ------------   -----------------  -----------------  -----------------  -----------------
         N           -0.220792875685     0.385721183828     1.062912049666    14.003074004430
         H            0.776982513150     0.459420511282     2.716422409441     1.007825032230
         C            1.289098345412     1.649947961309    -0.894844171141    12.000000000000
         H            1.963730559586     3.486761535388    -0.222101672844     1.007825032230
         H            0.049437972871     1.993878193636    -2.516229220237     1.007825032230
         C            3.435827294218    -0.186865838042    -1.633727105231    12.000000000000
         H            5.155477780035     0.249660908653    -0.569811280604     1.007825032230
         H            3.912038003901    -0.056474724573    -3.640616206314     1.007825032230
         C            2.400257193644    -2.819254343420    -0.892954455266    12.000000000000
         H            3.600233265288    -3.701756458427     0.541347708423     1.007825032230
         H            2.313329784664    -4.119385849252    -2.499221678801     1.007825032230
         C           -0.247249038738    -2.254226185052     0.204976452235    12.000000000000
         H           -0.791490139442    -3.516563204418     1.748882699888     1.007825032230
         H           -1.687220307816    -2.416742566963    -1.274679145899     1.007825032230
         H           -3.790240030084     1.884909523847     1.400776815159     1.007825032230
         O           -5.451645473667     2.582709368283     1.558036563323    15.994914619570
         H           -5.559171436380     3.113331146599     3.283957185765     1.007825032230

  Nuclear repulsion =  251.971657351962619

  ==> Basis Set <==

  Basis Set: 6-31G*
    Blend: 6-31G*
    Number of shells: 58
    Number of basis function: 112
    Number of Cartesian functions: 112
    Spherical Harmonics?: false
    Max angular momentum: 2

  ==> DFJKGrad: Density-Fitted SCF Gradients <==

    Gradient:                    1
    J tasked:                  Yes
    K tasked:                  Yes
    wK tasked:                  No
    OpenMP threads:              1
    Integrals threads:           1
    Memory [MiB]:              715
    Schwarz Cutoff:          0E+00
    Fitting Condition:       1E-10

   => Auxiliary Basis Set <=

  Basis Set: (6-31G* AUX)
    Blend: CC-PVDZ-JKFIT
    Number of shells: 243
    Number of basis function: 761
    Number of Cartesian functions: 761
    Spherical Harmonics?: false
    Max angular momentum: 3


  -Total Gradient:
     Atom            X                  Y                   Z
    ------   -----------------  -----------------  -----------------
       1       -0.016457029385     0.004381420388    -0.006443615412
       2        0.009198872078    -0.000032301342     0.012608256710
       3        0.002608670389    -0.009527793169     0.002044038487
       4        0.002789959287     0.007485747193     0.003021915967
       5       -0.004297277607     0.000523471920    -0.006127497700
       6       -0.005003120756    -0.002721351988     0.000849710664
       7        0.005303604509     0.001524562131     0.003843546376
       8        0.001883508414    -0.000091880328    -0.006806602241
       9       -0.001450964235     0.005567255537    -0.000803103737
      10        0.003470204506    -0.002445410208     0.004828014136
      11        0.000230732391    -0.004556113306    -0.006104741508
      12        0.008283255576     0.004946561253    -0.001027026511
      13       -0.001986756806    -0.004602293932     0.006042156927
      14       -0.004961994872    -0.000373233239    -0.006190894780
      15        0.001123494557    -0.000165197605     0.000983020702
      16       -0.001084473502    -0.002931425850    -0.011870217277
      17        0.000349315465     0.003017982542     0.011153039203


*** tstop() called on ds3 at Tue Aug 24 14:07:46 2021
Module time:
	user time   =       3.13 seconds =       0.05 minutes
	system time =       0.05 seconds =       0.00 minutes
	total time  =          4 seconds =       0.07 minutes
Total time:
	user time   =      19.96 seconds =       0.33 minutes
	system time =       0.38 seconds =       0.01 minutes
	total time  =         21 seconds =       0.35 minutes
gradient() will perform analytic gradient computation.

*** tstart() called on ds3
*** at Tue Aug 24 14:07:46 2021

   => Loading Basis Set <=

    Name: 6-31G*
    Role: ORBITAL
    Keyword: BASIS
    atoms 1                             entry N          line   128 file /theoryfs2/ds/pmnelson/miniconda3/envs/md/share/psi4/basis/6-31gs.gbs 
    atoms 2, 4-5, 7-8, 10-11, 13-15, 17 entry H          line    44 file /theoryfs2/ds/pmnelson/miniconda3/envs/md/share/psi4/basis/6-31gs.gbs 
    atoms 3, 6, 9, 12                   entry C          line   111 file /theoryfs2/ds/pmnelson/miniconda3/envs/md/share/psi4/basis/6-31gs.gbs 
    atoms 16                            entry O          line   145 file /theoryfs2/ds/pmnelson/miniconda3/envs/md/share/psi4/basis/6-31gs.gbs 


         ---------------------------------------------------------
                                   SCF
               by Justin Turney, Rob Parrish, Andy Simmonett
                          and Daniel G. A. Smith
                              RHF Reference
                        1 Threads,    953 MiB Core
         ---------------------------------------------------------

  ==> Geometry <==

    Molecular point group: c1
    Full point group: C1

    Geometry (in Bohr), charge = 0, multiplicity = 1:

       Center              X                  Y                   Z               Mass       
    ------------   -----------------  -----------------  -----------------  -----------------
         N           -0.220792875685     0.385721183828     1.062912049666    14.003074004430
         H            0.776982513150     0.459420511282     2.716422409441     1.007825032230
         C            1.289098345412     1.649947961309    -0.894844171141    12.000000000000
         H            1.963730559586     3.486761535388    -0.222101672844     1.007825032230
         H            0.049437972871     1.993878193636    -2.516229220237     1.007825032230
         C            3.435827294218    -0.186865838042    -1.633727105231    12.000000000000
         H            5.155477780035     0.249660908653    -0.569811280604     1.007825032230
         H            3.912038003901    -0.056474724573    -3.640616206314     1.007825032230
         C            2.400257193644    -2.819254343420    -0.892954455266    12.000000000000
         H            3.600233265288    -3.701756458427     0.541347708423     1.007825032230
         H            2.313329784664    -4.119385849252    -2.499221678801     1.007825032230
         C           -0.247249038738    -2.254226185052     0.204976452235    12.000000000000
         H           -0.791490139442    -3.516563204418     1.748882699888     1.007825032230
         H           -1.687220307816    -2.416742566963    -1.274679145899     1.007825032230
         H           -3.819561829044     1.897224848099     1.403552259733     1.007825032230
         O           -5.480967272627     2.595024692533     1.560812007896    15.994914619570
         H           -5.588124342131     3.126584672612     3.286466854407     1.007825032230

  Running in c1 symmetry.

  Rotational constants: A =      0.21959  B =      0.05292  C =      0.04571 [cm^-1]
  Rotational constants: A =   6583.20769  B =   1586.59307  C =   1370.50102 [MHz]
  Nuclear repulsion =  251.749367276761546

  Charge       = 0
  Multiplicity = 1
  Electrons    = 50
  Nalpha       = 25
  Nbeta        = 25

  ==> Algorithm <==

  SCF Algorithm Type is DF.
  DIIS enabled.
  MOM disabled.
  Fractional occupation disabled.
  Guess Type is SAD.
  Energy threshold   = 1.00e-08
  Density threshold  = 1.00e-09
  Integral threshold = 0.00e+00

  ==> Primary Basis <==

  Basis Set: 6-31G*
    Blend: 6-31G*
    Number of shells: 58
    Number of basis function: 112
    Number of Cartesian functions: 112
    Spherical Harmonics?: false
    Max angular momentum: 2

   => Loading Basis Set <=

    Name: (6-31G* AUX)
    Role: JKFIT
    Keyword: DF_BASIS_SCF
    atoms 1                             entry N          line   171 file /theoryfs2/ds/pmnelson/miniconda3/envs/md/share/psi4/basis/cc-pvdz-jkfit.gbs 
    atoms 2, 4-5, 7-8, 10-11, 13-15, 17 entry H          line    51 file /theoryfs2/ds/pmnelson/miniconda3/envs/md/share/psi4/basis/cc-pvdz-jkfit.gbs 
    atoms 3, 6, 9, 12                   entry C          line   121 file /theoryfs2/ds/pmnelson/miniconda3/envs/md/share/psi4/basis/cc-pvdz-jkfit.gbs 
    atoms 16                            entry O          line   221 file /theoryfs2/ds/pmnelson/miniconda3/envs/md/share/psi4/basis/cc-pvdz-jkfit.gbs 

  ==> Pre-Iterations <==

   -------------------------------------------------------
    Irrep   Nso     Nmo     Nalpha   Nbeta   Ndocc  Nsocc
   -------------------------------------------------------
     A        112     112       0       0       0       0
   -------------------------------------------------------
    Total     112     112      25      25      25       0
   -------------------------------------------------------

  ==> Integral Setup <==

  DFHelper Memory: AOs need 0.074 GiB; user supplied 0.698 GiB. Using in-core AOs.

  ==> MemDFJK: Density-Fitted J/K Matrices <==

    J tasked:                   Yes
    K tasked:                   Yes
    wK tasked:                   No
    OpenMP threads:               1
    Memory [MiB]:               715
    Algorithm:                 Core
    Schwarz Cutoff:           1E-12
    Mask sparsity (%):       5.5644
    Fitting Condition:        1E-10

   => Auxiliary Basis Set <=

  Basis Set: (6-31G* AUX)
    Blend: CC-PVDZ-JKFIT
    Number of shells: 243
    Number of basis function: 761
    Number of Cartesian functions: 761
    Spherical Harmonics?: false
    Max angular momentum: 3

  Minimum eigenvalue in the overlap matrix is 3.1480313992E-03.
  Using Symmetric Orthogonalization.

  SCF Guess: Superposition of Atomic Densities via on-the-fly atomic UHF.

  ==> Iterations <==

                           Total Energy        Delta E     RMS |[F,P]|

   @DF-RHF iter SAD:  -286.15818683768026   -2.86158e+02   0.00000e+00 
   @DF-RHF iter   1:  -286.99168589549686   -8.33499e-01   5.07386e-03 DIIS
   @DF-RHF iter   2:  -287.13003972922422   -1.38354e-01   2.60385e-03 DIIS
   @DF-RHF iter   3:  -287.16213223647878   -3.20925e-02   4.07263e-04 DIIS
   @DF-RHF iter   4:  -287.16390515023346   -1.77291e-03   7.14087e-05 DIIS
   @DF-RHF iter   5:  -287.16396142134795   -5.62711e-05   2.30672e-05 DIIS
   @DF-RHF iter   6:  -287.16396672452146   -5.30317e-06   7.09592e-06 DIIS
   @DF-RHF iter   7:  -287.16396734169291   -6.17171e-07   1.47186e-06 DIIS
   @DF-RHF iter   8:  -287.16396737869940   -3.70065e-08   4.47147e-07 DIIS
   @DF-RHF iter   9:  -287.16396738176525   -3.06585e-09   1.23437e-07 DIIS
   @DF-RHF iter  10:  -287.16396738199990   -2.34650e-10   4.11958e-08 DIIS
   @DF-RHF iter  11:  -287.16396738202218   -2.22826e-11   1.09195e-08 DIIS
   @DF-RHF iter  12:  -287.16396738202445   -2.27374e-12   3.79561e-09 DIIS
   @DF-RHF iter  13:  -287.16396738202360    8.52651e-13   1.14854e-09 DIIS
   @DF-RHF iter  14:  -287.16396738202451   -9.09495e-13   2.79462e-10 DIIS
  Energy and wave function converged.


  ==> Post-Iterations <==

    Orbital Energies [Eh]
    ---------------------

    Doubly Occupied:                                                      

       1A    -20.514221     2A    -15.564101     3A    -11.254561  
       4A    -11.254514     5A    -11.228495     6A    -11.227941  
       7A     -1.300260     8A     -1.235075     9A     -1.032002  
      10A     -0.981301    11A     -0.828091    12A     -0.794791  
      13A     -0.689447    14A     -0.673769    15A     -0.645088  
      16A     -0.602788    17A     -0.596184    18A     -0.534074  
      19A     -0.522010    20A     -0.505718    21A     -0.490085  
      22A     -0.486820    23A     -0.467494    24A     -0.456787  
      25A     -0.394617  

    Virtual:                                                              

      26A      0.199081    27A      0.234572    28A      0.259483  
      29A      0.281569    30A      0.282186    31A      0.291735  
      32A      0.316738    33A      0.328413    34A      0.331745  
      35A      0.351690    36A      0.364944    37A      0.396541  
      38A      0.400088    39A      0.439475    40A      0.473388  
      41A      0.511029    42A      0.717252    43A      0.753258  
      44A      0.753733    45A      0.785049    46A      0.789562  
      47A      0.824030    48A      0.904687    49A      0.909485  
      50A      0.928529    51A      0.938492    52A      1.012059  
      53A      1.017356    54A      1.079400    55A      1.096821  
      56A      1.112955    57A      1.117439    58A      1.134523  
      59A      1.144242    60A      1.159848    61A      1.171982  
      62A      1.193297    63A      1.200635    64A      1.204907  
      65A      1.211511    66A      1.212689    67A      1.226269  
      68A      1.232940    69A      1.322873    70A      1.441644  
      71A      1.480235    72A      1.498797    73A      1.578526  
      74A      1.582247    75A      1.647965    76A      1.879728  
      77A      1.897844    78A      2.003677    79A      2.060137  
      80A      2.072418    81A      2.078342    82A      2.106018  
      83A      2.110766    84A      2.126505    85A      2.184848  
      86A      2.215539    87A      2.290225    88A      2.312522  
      89A      2.336812    90A      2.413334    91A      2.420285  
      92A      2.421827    93A      2.498435    94A      2.560054  
      95A      2.580046    96A      2.705060    97A      2.718596  
      98A      2.725257    99A      2.807674   100A      2.890319  
     101A      2.946420   102A      2.978046   103A      2.980373  
     104A      3.016519   105A      3.019325   106A      3.225779  
     107A      4.137805   108A      4.444920   109A      4.603181  
     110A      4.668767   111A      4.872821   112A      5.033733  

    Final Occupation by Irrep:
              A 
    DOCC [    25 ]

  @DF-RHF Final Energy:  -287.16396738202451

   => Energetics <=

    Nuclear Repulsion Energy =            251.7493672767615465
    One-Electron Energy =                -889.2661981599313776
    Two-Electron Energy =                 350.3528635011453503
    Total Energy =                       -287.1639673820245093

Computation Completed


Properties will be evaluated at   0.000000,   0.000000,   0.000000 [a0]

Properties computed using the SCF density matrix

  Nuclear Dipole Moment: [e a0]
     X:     1.7591      Y:    -0.7995      Z:    -0.3984

  Electronic Dipole Moment: [e a0]
     X:    -0.3054      Y:     0.3515      Z:     0.8330

  Dipole Moment: [e a0]
     X:     1.4537      Y:    -0.4481      Z:     0.4346     Total:     1.5821

  Dipole Moment: [D]
     X:     3.6950      Y:    -1.1389      Z:     1.1046     Total:     4.0212


*** tstop() called on ds3 at Tue Aug 24 14:07:49 2021
Module time:
	user time   =       3.34 seconds =       0.06 minutes
	system time =       0.07 seconds =       0.00 minutes
	total time  =          3 seconds =       0.05 minutes
Total time:
	user time   =      23.69 seconds =       0.39 minutes
	system time =       0.45 seconds =       0.01 minutes
	total time  =         24 seconds =       0.40 minutes

*** tstart() called on ds3
*** at Tue Aug 24 14:07:49 2021


         ------------------------------------------------------------
                                   SCF GRAD                          
                          Rob Parrish, Justin Turney,                
                       Andy Simmonett, and Alex Sokolov              
         ------------------------------------------------------------

  ==> Geometry <==

    Molecular point group: c1
    Full point group: C1

    Geometry (in Bohr), charge = 0, multiplicity = 1:

       Center              X                  Y                   Z               Mass       
    ------------   -----------------  -----------------  -----------------  -----------------
         N           -0.220792875685     0.385721183828     1.062912049666    14.003074004430
         H            0.776982513150     0.459420511282     2.716422409441     1.007825032230
         C            1.289098345412     1.649947961309    -0.894844171141    12.000000000000
         H            1.963730559586     3.486761535388    -0.222101672844     1.007825032230
         H            0.049437972871     1.993878193636    -2.516229220237     1.007825032230
         C            3.435827294218    -0.186865838042    -1.633727105231    12.000000000000
         H            5.155477780035     0.249660908653    -0.569811280604     1.007825032230
         H            3.912038003901    -0.056474724573    -3.640616206314     1.007825032230
         C            2.400257193644    -2.819254343420    -0.892954455266    12.000000000000
         H            3.600233265288    -3.701756458427     0.541347708423     1.007825032230
         H            2.313329784664    -4.119385849252    -2.499221678801     1.007825032230
         C           -0.247249038738    -2.254226185052     0.204976452235    12.000000000000
         H           -0.791490139442    -3.516563204418     1.748882699888     1.007825032230
         H           -1.687220307816    -2.416742566963    -1.274679145899     1.007825032230
         H           -3.819561829044     1.897224848099     1.403552259733     1.007825032230
         O           -5.480967272627     2.595024692533     1.560812007896    15.994914619570
         H           -5.588124342131     3.126584672612     3.286466854407     1.007825032230

  Nuclear repulsion =  251.749367276761546

  ==> Basis Set <==

  Basis Set: 6-31G*
    Blend: 6-31G*
    Number of shells: 58
    Number of basis function: 112
    Number of Cartesian functions: 112
    Spherical Harmonics?: false
    Max angular momentum: 2

  ==> DFJKGrad: Density-Fitted SCF Gradients <==

    Gradient:                    1
    J tasked:                  Yes
    K tasked:                  Yes
    wK tasked:                  No
    OpenMP threads:              1
    Integrals threads:           1
    Memory [MiB]:              715
    Schwarz Cutoff:          0E+00
    Fitting Condition:       1E-10

   => Auxiliary Basis Set <=

  Basis Set: (6-31G* AUX)
    Blend: CC-PVDZ-JKFIT
    Number of shells: 243
    Number of basis function: 761
    Number of Cartesian functions: 761
    Spherical Harmonics?: false
    Max angular momentum: 3


  -Total Gradient:
     Atom            X                  Y                   Z
    ------   -----------------  -----------------  -----------------
       1       -0.016117493646     0.004238985728    -0.006472085110
       2        0.009202202931    -0.000030834271     0.012617246462
       3        0.002643532771    -0.009488080359     0.001997931319
       4        0.002784392800     0.007481198739     0.003022432939
       5       -0.004305902368     0.000523180897    -0.006114556585
       6       -0.005010240941    -0.002722136893     0.000862600792
       7        0.005301635354     0.001524537464     0.003842952724
       8        0.001878244346    -0.000088237084    -0.006803205584
       9       -0.001453441260     0.005577865318    -0.000793579128
      10        0.003468629054    -0.002444428760     0.004827140490
      11        0.000225093086    -0.004553488642    -0.006101051060
      12        0.008276290593     0.004879063854    -0.001043187956
      13       -0.001987850796    -0.004596028389     0.006039717227
      14       -0.004965987707    -0.000361594344    -0.006181285101
      15        0.001189510730    -0.000188423074     0.000987053071
      16       -0.001455190831    -0.002782310229    -0.011827890772
      17        0.000326575893     0.003030730035     0.011139766270


*** tstop() called on ds3 at Tue Aug 24 14:07:53 2021
Module time:
	user time   =       3.16 seconds =       0.05 minutes
	system time =       0.06 seconds =       0.00 minutes
	total time  =          4 seconds =       0.07 minutes
Total time:
	user time   =      26.85 seconds =       0.45 minutes
	system time =       0.51 seconds =       0.01 minutes
	total time  =         28 seconds =       0.47 minutes
